生成启动时间为 2017/7/11 10:51:19。
     1>项目“C:\Users\denial\Documents\Visual Studio 2015\Projects\ConsoleApplication22\ConsoleApplication11\ConsoleApplication11.vcxproj”在节点 2 上(Build 个目标)。
     1>ClCompile:
         C:\Program Files (x86)\Microsoft Visual Studio 14.0\VC\bin\CL.exe /c /ZI /nologo /W3 /WX- /sdl /Od /Oy- /D WIN32 /D _DEBUG /D _CONSOLE /D _UNICODE /D UNICODE /Gm /EHsc /RTC1 /MDd /GS /fp:precise /Zc:wchar_t /Zc:forScope /Zc:inline /Yu"stdafx.h" /Fp"Debug\uva 1597.pch" /Fo"Debug\\" /Fd"Debug\vc140.pdb" /Gd /TP /analyze- /errorReport:prompt ConsoleApplication11.cpp
         ConsoleApplication11.cpp
     1>c:\users\denial\documents\visual studio 2015\projects\consoleapplication22\consoleapplication11\consoleapplication11.cpp(32): warning C4018: “<”: 有符号/无符号不匹配
     1>c:\users\denial\documents\visual studio 2015\projects\consoleapplication22\consoleapplication11\consoleapplication11.cpp(36): warning C4477: 'printf' : format string '%s' requires an argument of type 'char *', but variadic argument 1 has type 'std::string *'
     1>c:\users\denial\documents\visual studio 2015\projects\consoleapplication22\consoleapplication11\consoleapplication11.cpp(86): warning C4018: “<”: 有符号/无符号不匹配
     1>c:\users\denial\documents\visual studio 2015\projects\consoleapplication22\consoleapplication11\consoleapplication11.cpp(134): warning C4018: “<”: 有符号/无符号不匹配
     1>c:\users\denial\documents\visual studio 2015\projects\consoleapplication22\consoleapplication11\consoleapplication11.cpp(137): warning C4018: “<”: 有符号/无符号不匹配
     1>c:\users\denial\documents\visual studio 2015\projects\consoleapplication22\consoleapplication11\consoleapplication11.cpp(155): warning C4018: “<”: 有符号/无符号不匹配
     1>c:\users\denial\documents\visual studio 2015\projects\consoleapplication22\consoleapplication11\consoleapplication11.cpp(160): warning C4018: “<”: 有符号/无符号不匹配
     1>c:\users\denial\documents\visual studio 2015\projects\consoleapplication22\consoleapplication11\consoleapplication11.cpp(163): warning C4018: “<”: 有符号/无符号不匹配
     1>c:\users\denial\documents\visual studio 2015\projects\consoleapplication22\consoleapplication11\consoleapplication11.cpp(183): warning C4018: “<”: 有符号/无符号不匹配
     1>c:\users\denial\documents\visual studio 2015\projects\consoleapplication22\consoleapplication11\consoleapplication11.cpp(195): warning C4477: 'printf' : format string '%s' requires an argument of type 'char *', but variadic argument 1 has type 'std::string *'
       Link:
         C:\Program Files (x86)\Microsoft Visual Studio 14.0\VC\bin\link.exe /ERRORREPORT:PROMPT /OUT:"C:\Users\denial\Documents\Visual Studio 2015\Projects\ConsoleApplication22\Debug\uva 1597.exe" /INCREMENTAL /NOLOGO kernel32.lib user32.lib gdi32.lib winspool.lib comdlg32.lib advapi32.lib shell32.lib ole32.lib oleaut32.lib uuid.lib odbc32.lib odbccp32.lib /MANIFEST /MANIFESTUAC:"level='asInvoker' uiAccess='false'" /manifest:embed /Debug /PDB:"C:\Users\denial\Documents\Visual Studio 2015\Projects\ConsoleApplication22\Debug\uva 1597.pdb" /SUBSYSTEM:CONSOLE /TLBID:1 /DYNAMICBASE /NXCOMPAT /IMPLIB:"C:\Users\denial\Documents\Visual Studio 2015\Projects\ConsoleApplication22\Debug\uva 1597.lib" /MACHINE:X86 Debug\ConsoleApplication11.obj
         Debug\stdafx.obj
         ConsoleApplication11.vcxproj -> C:\Users\denial\Documents\Visual Studio 2015\Projects\ConsoleApplication22\Debug\uva 1597.exe
     1>已完成生成项目“C:\Users\denial\Documents\Visual Studio 2015\Projects\ConsoleApplication22\ConsoleApplication11\ConsoleApplication11.vcxproj”(Build 个目标)的操作。

已成功生成。

已用时间 00:00:01.60
