生成启动时间为 2017/7/27 13:56:39。
     1>项目“C:\Users\denial\documents\visual studio 2015\Projects\ConsoleApplication22\ConsoleApplication20\ConsoleApplication20.vcxproj”在节点 2 上(Build 个目标)。
     1>ClCompile:
         C:\Program Files (x86)\Microsoft Visual Studio 14.0\VC\bin\CL.exe /c /ZI /nologo /W3 /WX- /sdl /Od /Oy- /D WIN32 /D _DEBUG /D _CONSOLE /D _UNICODE /D UNICODE /Gm /EHsc /RTC1 /MDd /GS /fp:precise /Zc:wchar_t /Zc:forScope /Zc:inline /Yc"stdafx.h" /Fp"Debug\ConsoleApplication20.pch" /Fo"Debug\\" /Fd"Debug\vc140.pdb" /Gd /TP /analyze- /errorReport:prompt stdafx.cpp
         stdafx.cpp
         C:\Program Files (x86)\Microsoft Visual Studio 14.0\VC\bin\CL.exe /c /ZI /nologo /W3 /WX- /sdl /Od /Oy- /D WIN32 /D _DEBUG /D _CONSOLE /D _UNICODE /D UNICODE /Gm /EHsc /RTC1 /MDd /GS /fp:precise /Zc:wchar_t /Zc:forScope /Zc:inline /Yu"stdafx.h" /Fp"Debug\ConsoleApplication20.pch" /Fo"Debug\\" /Fd"Debug\vc140.pdb" /Gd /TP /analyze- /errorReport:prompt ConsoleApplication20.cpp
         ConsoleApplication20.cpp
     1>c:\users\denial\documents\visual studio 2015\projects\consoleapplication22\consoleapplication20\consoleapplication20.cpp(24): warning C4101: “a”: 未引用的局部变量
     1>c:\users\denial\documents\visual studio 2015\projects\consoleapplication22\consoleapplication20\consoleapplication20.cpp(23): warning C4101: “sc”: 未引用的局部变量
     1>c:\users\denial\documents\visual studio 2015\projects\consoleapplication22\consoleapplication20\consoleapplication20.cpp(23): warning C4101: “sr”: 未引用的局部变量
     1>c:\users\denial\documents\visual studio 2015\projects\consoleapplication22\consoleapplication20\consoleapplication20.cpp(23): warning C4101: “gr”: 未引用的局部变量
     1>c:\users\denial\documents\visual studio 2015\projects\consoleapplication22\consoleapplication20\consoleapplication20.cpp(23): warning C4101: “c”: 未引用的局部变量
     1>c:\users\denial\documents\visual studio 2015\projects\consoleapplication22\consoleapplication20\consoleapplication20.cpp(23): warning C4101: “gc”: 未引用的局部变量
     1>c:\users\denial\documents\visual studio 2015\projects\consoleapplication22\consoleapplication20\consoleapplication20.cpp(23): warning C4101: “r”: 未引用的局部变量
       Link:
         C:\Program Files (x86)\Microsoft Visual Studio 14.0\VC\bin\link.exe /ERRORREPORT:PROMPT /OUT:"C:\Users\denial\documents\visual studio 2015\Projects\ConsoleApplication22\Debug\ConsoleApplication20.exe" /INCREMENTAL /NOLOGO kernel32.lib user32.lib gdi32.lib winspool.lib comdlg32.lib advapi32.lib shell32.lib ole32.lib oleaut32.lib uuid.lib odbc32.lib odbccp32.lib /MANIFEST /MANIFESTUAC:"level='asInvoker' uiAccess='false'" /manifest:embed /Debug /PDB:"C:\Users\denial\documents\visual studio 2015\Projects\ConsoleApplication22\Debug\ConsoleApplication20.pdb" /SUBSYSTEM:CONSOLE /TLBID:1 /DYNAMICBASE /NXCOMPAT /IMPLIB:"C:\Users\denial\documents\visual studio 2015\Projects\ConsoleApplication22\Debug\ConsoleApplication20.lib" /MACHINE:X86 Debug\ConsoleApplication20.obj
         Debug\stdafx.obj
         ConsoleApplication20.vcxproj -> C:\Users\denial\documents\visual studio 2015\Projects\ConsoleApplication22\Debug\ConsoleApplication20.exe
     1>已完成生成项目“C:\Users\denial\documents\visual studio 2015\Projects\ConsoleApplication22\ConsoleApplication20\ConsoleApplication20.vcxproj”(Build 个目标)的操作。

已成功生成。

已用时间 00:00:02.63
